CRITICAL - 2024-02-14 01:59:49 --> CodeIgniter\View\Exceptions\ViewException: Invalid file: "pages/home.php"
in SYSTEMPATH/Exceptions/FrameworkException.php on line 39.
 1 SYSTEMPATH/View/View.php(216): CodeIgniter\Exceptions\FrameworkException::forInvalidFile('pages/home.php')
 2 SYSTEMPATH/Common.php(1178): CodeIgniter\View\View->render('pages/home', [], true)
 3 APPPATH/Controllers/Pages.php(10): view('pages/home')
 4 SYSTEMPATH/CodeIgniter.php(941): App\Controllers\Pages->index()
 5 SYSTEMPATH/CodeIgniter.php(502): CodeIgniter\CodeIgniter->runController(Object(App\Controllers\Pages))
 6 SYSTEMPATH/CodeIgniter.php(361): CodeIgniter\CodeIgniter->handleRequest(null, Object(Config\Cache), false)
 7 FCPATH/index.php(79): CodeIgniter\CodeIgniter->run()
 8 SYSTEMPATH/Commands/Server/rewrite.php(47): require_once('/opt/lampp/htdocs/ci4app/public/index.php')
CRITICAL - 2024-02-14 02:00:57 --> CodeIgniter\View\Exceptions\ViewException: Invalid file: "pages/home.php"
in SYSTEMPATH/Exceptions/FrameworkException.php on line 39.
 1 SYSTEMPATH/View/View.php(216): CodeIgniter\Exceptions\FrameworkException::forInvalidFile('pages/home.php')
 2 SYSTEMPATH/Common.php(1178): CodeIgniter\View\View->render('pages/home', [], true)
 3 APPPATH/Controllers/Pages.php(10): view('pages/home')
 4 SYSTEMPATH/CodeIgniter.php(941): App\Controllers\Pages->index()
 5 SYSTEMPATH/CodeIgniter.php(502): CodeIgniter\CodeIgniter->runController(Object(App\Controllers\Pages))
 6 SYSTEMPATH/CodeIgniter.php(361): CodeIgniter\CodeIgniter->handleRequest(null, Object(Config\Cache), false)
 7 FCPATH/index.php(79): CodeIgniter\CodeIgniter->run()
 8 SYSTEMPATH/Commands/Server/rewrite.php(47): require_once('/opt/lampp/htdocs/ci4app/public/index.php')
CRITICAL - 2024-02-14 02:00:58 --> CodeIgniter\View\Exceptions\ViewException: Invalid file: "pages/home.php"
in SYSTEMPATH/Exceptions/FrameworkException.php on line 39.
 1 SYSTEMPATH/View/View.php(216): CodeIgniter\Exceptions\FrameworkException::forInvalidFile('pages/home.php')
 2 SYSTEMPATH/Common.php(1178): CodeIgniter\View\View->render('pages/home', [], true)
 3 APPPATH/Controllers/Pages.php(10): view('pages/home')
 4 SYSTEMPATH/CodeIgniter.php(941): App\Controllers\Pages->index()
 5 SYSTEMPATH/CodeIgniter.php(502): CodeIgniter\CodeIgniter->runController(Object(App\Controllers\Pages))
 6 SYSTEMPATH/CodeIgniter.php(361): CodeIgniter\CodeIgniter->handleRequest(null, Object(Config\Cache), false)
 7 FCPATH/index.php(79): CodeIgniter\CodeIgniter->run()
 8 SYSTEMPATH/Commands/Server/rewrite.php(47): require_once('/opt/lampp/htdocs/ci4app/public/index.php')
CRITICAL - 2024-02-14 02:02:59 --> CodeIgniter\View\Exceptions\ViewException: Invalid file: "pages/home.php"
in SYSTEMPATH/Exceptions/FrameworkException.php on line 39.
 1 SYSTEMPATH/View/View.php(216): CodeIgniter\Exceptions\FrameworkException::forInvalidFile('pages/home.php')
 2 SYSTEMPATH/Common.php(1178): CodeIgniter\View\View->render('pages/home', [], true)
 3 APPPATH/Controllers/Pages.php(10): view('pages/home')
 4 SYSTEMPATH/CodeIgniter.php(941): App\Controllers\Pages->index()
 5 SYSTEMPATH/CodeIgniter.php(502): CodeIgniter\CodeIgniter->runController(Object(App\Controllers\Pages))
 6 SYSTEMPATH/CodeIgniter.php(361): CodeIgniter\CodeIgniter->handleRequest(null, Object(Config\Cache), false)
 7 FCPATH/index.php(79): CodeIgniter\CodeIgniter->run()
 8 SYSTEMPATH/Commands/Server/rewrite.php(47): require_once('/opt/lampp/htdocs/ci4app/public/index.php')
CRITICAL - 2024-02-14 02:03:00 --> CodeIgniter\View\Exceptions\ViewException: Invalid file: "pages/home.php"
in SYSTEMPATH/Exceptions/FrameworkException.php on line 39.
 1 SYSTEMPATH/View/View.php(216): CodeIgniter\Exceptions\FrameworkException::forInvalidFile('pages/home.php')
 2 SYSTEMPATH/Common.php(1178): CodeIgniter\View\View->render('pages/home', [], true)
 3 APPPATH/Controllers/Pages.php(10): view('pages/home')
 4 SYSTEMPATH/CodeIgniter.php(941): App\Controllers\Pages->index()
 5 SYSTEMPATH/CodeIgniter.php(502): CodeIgniter\CodeIgniter->runController(Object(App\Controllers\Pages))
 6 SYSTEMPATH/CodeIgniter.php(361): CodeIgniter\CodeIgniter->handleRequest(null, Object(Config\Cache), false)
 7 FCPATH/index.php(79): CodeIgniter\CodeIgniter->run()
 8 SYSTEMPATH/Commands/Server/rewrite.php(47): require_once('/opt/lampp/htdocs/ci4app/public/index.php')
CRITICAL - 2024-02-14 02:03:10 --> CodeIgniter\View\Exceptions\ViewException: Invalid file: "pages/about.php"
in SYSTEMPATH/Exceptions/FrameworkException.php on line 39.
 1 SYSTEMPATH/View/View.php(216): CodeIgniter\Exceptions\FrameworkException::forInvalidFile('pages/about.php')
 2 SYSTEMPATH/Common.php(1178): CodeIgniter\View\View->render('pages/about', [], true)
 3 APPPATH/Controllers/Pages.php(17): view('pages/about')
 4 SYSTEMPATH/CodeIgniter.php(941): App\Controllers\Pages->about()
 5 SYSTEMPATH/CodeIgniter.php(502): CodeIgniter\CodeIgniter->runController(Object(App\Controllers\Pages))
 6 SYSTEMPATH/CodeIgniter.php(361): CodeIgniter\CodeIgniter->handleRequest(null, Object(Config\Cache), false)
 7 FCPATH/index.php(79): CodeIgniter\CodeIgniter->run()
 8 SYSTEMPATH/Commands/Server/rewrite.php(47): require_once('/opt/lampp/htdocs/ci4app/public/index.php')
CRITICAL - 2024-02-14 02:03:17 --> CodeIgniter\View\Exceptions\ViewException: Invalid file: "pages/home.php"
in SYSTEMPATH/Exceptions/FrameworkException.php on line 39.
 1 SYSTEMPATH/View/View.php(216): CodeIgniter\Exceptions\FrameworkException::forInvalidFile('pages/home.php')
 2 SYSTEMPATH/Common.php(1178): CodeIgniter\View\View->render('pages/home', [], true)
 3 APPPATH/Controllers/Pages.php(10): view('pages/home')
 4 SYSTEMPATH/CodeIgniter.php(941): App\Controllers\Pages->index()
 5 SYSTEMPATH/CodeIgniter.php(502): CodeIgniter\CodeIgniter->runController(Object(App\Controllers\Pages))
 6 SYSTEMPATH/CodeIgniter.php(361): CodeIgniter\CodeIgniter->handleRequest(null, Object(Config\Cache), false)
 7 FCPATH/index.php(79): CodeIgniter\CodeIgniter->run()
 8 SYSTEMPATH/Commands/Server/rewrite.php(47): require_once('/opt/lampp/htdocs/ci4app/public/index.php')
CRITICAL - 2024-02-14 02:04:39 --> CodeIgniter\View\Exceptions\ViewException: Invalid file: "pages/home.php"
in SYSTEMPATH/Exceptions/FrameworkException.php on line 39.
 1 SYSTEMPATH/View/View.php(216): CodeIgniter\Exceptions\FrameworkException::forInvalidFile('pages/home.php')
 2 SYSTEMPATH/Common.php(1178): CodeIgniter\View\View->render('pages/home', [], true)
 3 APPPATH/Controllers/Pages.php(10): view('pages/home')
 4 SYSTEMPATH/CodeIgniter.php(941): App\Controllers\Pages->index()
 5 SYSTEMPATH/CodeIgniter.php(502): CodeIgniter\CodeIgniter->runController(Object(App\Controllers\Pages))
 6 SYSTEMPATH/CodeIgniter.php(361): CodeIgniter\CodeIgniter->handleRequest(null, Object(Config\Cache), false)
 7 FCPATH/index.php(79): CodeIgniter\CodeIgniter->run()
 8 SYSTEMPATH/Commands/Server/rewrite.php(47): require_once('/opt/lampp/htdocs/ci4app/public/index.php')
CRITICAL - 2024-02-14 02:06:20 --> CodeIgniter\View\Exceptions\ViewException: Invalid file: "pages/home.php"
in SYSTEMPATH/Exceptions/FrameworkException.php on line 39.
 1 SYSTEMPATH/View/View.php(216): CodeIgniter\Exceptions\FrameworkException::forInvalidFile('pages/home.php')
 2 SYSTEMPATH/Common.php(1178): CodeIgniter\View\View->render('pages/home', [], true)
 3 APPPATH/Controllers/Pages.php(10): view('pages/home')
 4 SYSTEMPATH/CodeIgniter.php(941): App\Controllers\Pages->index()
 5 SYSTEMPATH/CodeIgniter.php(502): CodeIgniter\CodeIgniter->runController(Object(App\Controllers\Pages))
 6 SYSTEMPATH/CodeIgniter.php(361): CodeIgniter\CodeIgniter->handleRequest(null, Object(Config\Cache), false)
 7 FCPATH/index.php(79): CodeIgniter\CodeIgniter->run()
 8 SYSTEMPATH/Commands/Server/rewrite.php(47): require_once('/opt/lampp/htdocs/ci4app/public/index.php')
CRITICAL - 2024-02-14 02:06:20 --> CodeIgniter\View\Exceptions\ViewException: Invalid file: "pages/home.php"
in SYSTEMPATH/Exceptions/FrameworkException.php on line 39.
 1 SYSTEMPATH/View/View.php(216): CodeIgniter\Exceptions\FrameworkException::forInvalidFile('pages/home.php')
 2 SYSTEMPATH/Common.php(1178): CodeIgniter\View\View->render('pages/home', [], true)
 3 APPPATH/Controllers/Pages.php(10): view('pages/home')
 4 SYSTEMPATH/CodeIgniter.php(941): App\Controllers\Pages->index()
 5 SYSTEMPATH/CodeIgniter.php(502): CodeIgniter\CodeIgniter->runController(Object(App\Controllers\Pages))
 6 SYSTEMPATH/CodeIgniter.php(361): CodeIgniter\CodeIgniter->handleRequest(null, Object(Config\Cache), false)
 7 FCPATH/index.php(79): CodeIgniter\CodeIgniter->run()
 8 SYSTEMPATH/Commands/Server/rewrite.php(47): require_once('/opt/lampp/htdocs/ci4app/public/index.php')
CRITICAL - 2024-02-14 02:06:21 --> CodeIgniter\View\Exceptions\ViewException: Invalid file: "pages/home.php"
in SYSTEMPATH/Exceptions/FrameworkException.php on line 39.
 1 SYSTEMPATH/View/View.php(216): CodeIgniter\Exceptions\FrameworkException::forInvalidFile('pages/home.php')
 2 SYSTEMPATH/Common.php(1178): CodeIgniter\View\View->render('pages/home', [], true)
 3 APPPATH/Controllers/Pages.php(10): view('pages/home')
 4 SYSTEMPATH/CodeIgniter.php(941): App\Controllers\Pages->index()
 5 SYSTEMPATH/CodeIgniter.php(502): CodeIgniter\CodeIgniter->runController(Object(App\Controllers\Pages))
 6 SYSTEMPATH/CodeIgniter.php(361): CodeIgniter\CodeIgniter->handleRequest(null, Object(Config\Cache), false)
 7 FCPATH/index.php(79): CodeIgniter\CodeIgniter->run()
 8 SYSTEMPATH/Commands/Server/rewrite.php(47): require_once('/opt/lampp/htdocs/ci4app/public/index.php')
CRITICAL - 2024-02-14 02:08:08 --> CodeIgniter\View\Exceptions\ViewException: Invalid file: "pages/home.php"
in SYSTEMPATH/Exceptions/FrameworkException.php on line 39.
 1 SYSTEMPATH/View/View.php(216): CodeIgniter\Exceptions\FrameworkException::forInvalidFile('pages/home.php')
 2 SYSTEMPATH/Common.php(1178): CodeIgniter\View\View->render('pages/home', [], true)
 3 APPPATH/Controllers/Home.php(10): view('pages/home')
 4 SYSTEMPATH/CodeIgniter.php(941): App\Controllers\Home->index()
 5 SYSTEMPATH/CodeIgniter.php(502): CodeIgniter\CodeIgniter->runController(Object(App\Controllers\Home))
 6 SYSTEMPATH/CodeIgniter.php(361): CodeIgniter\CodeIgniter->handleRequest(null, Object(Config\Cache), false)
 7 FCPATH/index.php(79): CodeIgniter\CodeIgniter->run()
 8 SYSTEMPATH/Commands/Server/rewrite.php(47): require_once('/opt/lampp/htdocs/ci4app/public/index.php')
CRITICAL - 2024-02-14 02:08:09 --> CodeIgniter\View\Exceptions\ViewException: Invalid file: "pages/home.php"
in SYSTEMPATH/Exceptions/FrameworkException.php on line 39.
 1 SYSTEMPATH/View/View.php(216): CodeIgniter\Exceptions\FrameworkException::forInvalidFile('pages/home.php')
 2 SYSTEMPATH/Common.php(1178): CodeIgniter\View\View->render('pages/home', [], true)
 3 APPPATH/Controllers/Home.php(10): view('pages/home')
 4 SYSTEMPATH/CodeIgniter.php(941): App\Controllers\Home->index()
 5 SYSTEMPATH/CodeIgniter.php(502): CodeIgniter\CodeIgniter->runController(Object(App\Controllers\Home))
 6 SYSTEMPATH/CodeIgniter.php(361): CodeIgniter\CodeIgniter->handleRequest(null, Object(Config\Cache), false)
 7 FCPATH/index.php(79): CodeIgniter\CodeIgniter->run()
 8 SYSTEMPATH/Commands/Server/rewrite.php(47): require_once('/opt/lampp/htdocs/ci4app/public/index.php')
CRITICAL - 2024-02-14 02:08:10 --> CodeIgniter\View\Exceptions\ViewException: Invalid file: "pages/home.php"
in SYSTEMPATH/Exceptions/FrameworkException.php on line 39.
 1 SYSTEMPATH/View/View.php(216): CodeIgniter\Exceptions\FrameworkException::forInvalidFile('pages/home.php')
 2 SYSTEMPATH/Common.php(1178): CodeIgniter\View\View->render('pages/home', [], true)
 3 APPPATH/Controllers/Home.php(10): view('pages/home')
 4 SYSTEMPATH/CodeIgniter.php(941): App\Controllers\Home->index()
 5 SYSTEMPATH/CodeIgniter.php(502): CodeIgniter\CodeIgniter->runController(Object(App\Controllers\Home))
 6 SYSTEMPATH/CodeIgniter.php(361): CodeIgniter\CodeIgniter->handleRequest(null, Object(Config\Cache), false)
 7 FCPATH/index.php(79): CodeIgniter\CodeIgniter->run()
 8 SYSTEMPATH/Commands/Server/rewrite.php(47): require_once('/opt/lampp/htdocs/ci4app/public/index.php')
CRITICAL - 2024-02-14 02:11:42 --> CodeIgniter\View\Exceptions\ViewException: Invalid file: "pages/home.php"
in SYSTEMPATH/Exceptions/FrameworkException.php on line 39.
 1 SYSTEMPATH/View/View.php(216): CodeIgniter\Exceptions\FrameworkException::forInvalidFile('pages/home.php')
 2 SYSTEMPATH/Common.php(1178): CodeIgniter\View\View->render('pages/home', [], true)
 3 APPPATH/Controllers/Home.php(9): view('pages/home')
 4 SYSTEMPATH/CodeIgniter.php(941): App\Controllers\Home->index()
 5 SYSTEMPATH/CodeIgniter.php(502): CodeIgniter\CodeIgniter->runController(Object(App\Controllers\Home))
 6 SYSTEMPATH/CodeIgniter.php(361): CodeIgniter\CodeIgniter->handleRequest(null, Object(Config\Cache), false)
 7 FCPATH/index.php(79): CodeIgniter\CodeIgniter->run()
 8 SYSTEMPATH/Commands/Server/rewrite.php(47): require_once('/opt/lampp/htdocs/ci4app/public/index.php')
CRITICAL - 2024-02-14 02:11:43 --> CodeIgniter\View\Exceptions\ViewException: Invalid file: "pages/home.php"
in SYSTEMPATH/Exceptions/FrameworkException.php on line 39.
 1 SYSTEMPATH/View/View.php(216): CodeIgniter\Exceptions\FrameworkException::forInvalidFile('pages/home.php')
 2 SYSTEMPATH/Common.php(1178): CodeIgniter\View\View->render('pages/home', [], true)
 3 APPPATH/Controllers/Home.php(9): view('pages/home')
 4 SYSTEMPATH/CodeIgniter.php(941): App\Controllers\Home->index()
 5 SYSTEMPATH/CodeIgniter.php(502): CodeIgniter\CodeIgniter->runController(Object(App\Controllers\Home))
 6 SYSTEMPATH/CodeIgniter.php(361): CodeIgniter\CodeIgniter->handleRequest(null, Object(Config\Cache), false)
 7 FCPATH/index.php(79): CodeIgniter\CodeIgniter->run()
 8 SYSTEMPATH/Commands/Server/rewrite.php(47): require_once('/opt/lampp/htdocs/ci4app/public/index.php')
CRITICAL - 2024-02-14 02:12:16 --> CodeIgniter\View\Exceptions\ViewException: Invalid file: "Home.php"
in SYSTEMPATH/Exceptions/FrameworkException.php on line 39.
 1 SYSTEMPATH/View/View.php(216): CodeIgniter\Exceptions\FrameworkException::forInvalidFile('Home.php')
 2 SYSTEMPATH/Common.php(1178): CodeIgniter\View\View->render('Home', [], true)
 3 APPPATH/Controllers/Home.php(9): view('Home')
 4 SYSTEMPATH/CodeIgniter.php(941): App\Controllers\Home->index()
 5 SYSTEMPATH/CodeIgniter.php(502): CodeIgniter\CodeIgniter->runController(Object(App\Controllers\Home))
 6 SYSTEMPATH/CodeIgniter.php(361): CodeIgniter\CodeIgniter->handleRequest(null, Object(Config\Cache), false)
 7 FCPATH/index.php(79): CodeIgniter\CodeIgniter->run()
 8 SYSTEMPATH/Commands/Server/rewrite.php(47): require_once('/opt/lampp/htdocs/ci4app/public/index.php')
CRITICAL - 2024-02-14 02:12:17 --> CodeIgniter\View\Exceptions\ViewException: Invalid file: "Home.php"
in SYSTEMPATH/Exceptions/FrameworkException.php on line 39.
 1 SYSTEMPATH/View/View.php(216): CodeIgniter\Exceptions\FrameworkException::forInvalidFile('Home.php')
 2 SYSTEMPATH/Common.php(1178): CodeIgniter\View\View->render('Home', [], true)
 3 APPPATH/Controllers/Home.php(9): view('Home')
 4 SYSTEMPATH/CodeIgniter.php(941): App\Controllers\Home->index()
 5 SYSTEMPATH/CodeIgniter.php(502): CodeIgniter\CodeIgniter->runController(Object(App\Controllers\Home))
 6 SYSTEMPATH/CodeIgniter.php(361): CodeIgniter\CodeIgniter->handleRequest(null, Object(Config\Cache), false)
 7 FCPATH/index.php(79): CodeIgniter\CodeIgniter->run()
 8 SYSTEMPATH/Commands/Server/rewrite.php(47): require_once('/opt/lampp/htdocs/ci4app/public/index.php')
CRITICAL - 2024-02-14 02:12:17 --> CodeIgniter\View\Exceptions\ViewException: Invalid file: "Home.php"
in SYSTEMPATH/Exceptions/FrameworkException.php on line 39.
 1 SYSTEMPATH/View/View.php(216): CodeIgniter\Exceptions\FrameworkException::forInvalidFile('Home.php')
 2 SYSTEMPATH/Common.php(1178): CodeIgniter\View\View->render('Home', [], true)
 3 APPPATH/Controllers/Home.php(9): view('Home')
 4 SYSTEMPATH/CodeIgniter.php(941): App\Controllers\Home->index()
 5 SYSTEMPATH/CodeIgniter.php(502): CodeIgniter\CodeIgniter->runController(Object(App\Controllers\Home))
 6 SYSTEMPATH/CodeIgniter.php(361): CodeIgniter\CodeIgniter->handleRequest(null, Object(Config\Cache), false)
 7 FCPATH/index.php(79): CodeIgniter\CodeIgniter->run()
 8 SYSTEMPATH/Commands/Server/rewrite.php(47): require_once('/opt/lampp/htdocs/ci4app/public/index.php')
CRITICAL - 2024-02-14 02:12:18 --> CodeIgniter\View\Exceptions\ViewException: Invalid file: "Home.php"
in SYSTEMPATH/Exceptions/FrameworkException.php on line 39.
 1 SYSTEMPATH/View/View.php(216): CodeIgniter\Exceptions\FrameworkException::forInvalidFile('Home.php')
 2 SYSTEMPATH/Common.php(1178): CodeIgniter\View\View->render('Home', [], true)
 3 APPPATH/Controllers/Home.php(9): view('Home')
 4 SYSTEMPATH/CodeIgniter.php(941): App\Controllers\Home->index()
 5 SYSTEMPATH/CodeIgniter.php(502): CodeIgniter\CodeIgniter->runController(Object(App\Controllers\Home))
 6 SYSTEMPATH/CodeIgniter.php(361): CodeIgniter\CodeIgniter->handleRequest(null, Object(Config\Cache), false)
 7 FCPATH/index.php(79): CodeIgniter\CodeIgniter->run()
 8 SYSTEMPATH/Commands/Server/rewrite.php(47): require_once('/opt/lampp/htdocs/ci4app/public/index.php')
CRITICAL - 2024-02-14 02:13:37 --> CodeIgniter\View\Exceptions\ViewException: Invalid file: "pages/home.php"
in SYSTEMPATH/Exceptions/FrameworkException.php on line 39.
 1 SYSTEMPATH/View/View.php(216): CodeIgniter\Exceptions\FrameworkException::forInvalidFile('pages/home.php')
 2 SYSTEMPATH/Common.php(1178): CodeIgniter\View\View->render('pages/home', [], true)
 3 APPPATH/Controllers/Home.php(10): view('pages/home')
 4 SYSTEMPATH/CodeIgniter.php(941): App\Controllers\Home->index()
 5 SYSTEMPATH/CodeIgniter.php(502): CodeIgniter\CodeIgniter->runController(Object(App\Controllers\Home))
 6 SYSTEMPATH/CodeIgniter.php(361): CodeIgniter\CodeIgniter->handleRequest(null, Object(Config\Cache), false)
 7 FCPATH/index.php(79): CodeIgniter\CodeIgniter->run()
 8 SYSTEMPATH/Commands/Server/rewrite.php(47): require_once('/opt/lampp/htdocs/ci4app/public/index.php')
CRITICAL - 2024-02-14 02:13:39 --> CodeIgniter\View\Exceptions\ViewException: Invalid file: "pages/home.php"
in SYSTEMPATH/Exceptions/FrameworkException.php on line 39.
 1 SYSTEMPATH/View/View.php(216): CodeIgniter\Exceptions\FrameworkException::forInvalidFile('pages/home.php')
 2 SYSTEMPATH/Common.php(1178): CodeIgniter\View\View->render('pages/home', [], true)
 3 APPPATH/Controllers/Home.php(10): view('pages/home')
 4 SYSTEMPATH/CodeIgniter.php(941): App\Controllers\Home->index()
 5 SYSTEMPATH/CodeIgniter.php(502): CodeIgniter\CodeIgniter->runController(Object(App\Controllers\Home))
 6 SYSTEMPATH/CodeIgniter.php(361): CodeIgniter\CodeIgniter->handleRequest(null, Object(Config\Cache), false)
 7 FCPATH/index.php(79): CodeIgniter\CodeIgniter->run()
 8 SYSTEMPATH/Commands/Server/rewrite.php(47): require_once('/opt/lampp/htdocs/ci4app/public/index.php')
CRITICAL - 2024-02-14 02:14:05 --> CodeIgniter\View\Exceptions\ViewException: Invalid file: "pages/home.php"
in SYSTEMPATH/Exceptions/FrameworkException.php on line 39.
 1 SYSTEMPATH/View/View.php(216): CodeIgniter\Exceptions\FrameworkException::forInvalidFile('pages/home.php')
 2 SYSTEMPATH/Common.php(1178): CodeIgniter\View\View->render('pages/home', [], true)
 3 APPPATH/Controllers/Home.php(9): view('pages/home')
 4 SYSTEMPATH/CodeIgniter.php(941): App\Controllers\Home->index()
 5 SYSTEMPATH/CodeIgniter.php(502): CodeIgniter\CodeIgniter->runController(Object(App\Controllers\Home))
 6 SYSTEMPATH/CodeIgniter.php(361): CodeIgniter\CodeIgniter->handleRequest(null, Object(Config\Cache), false)
 7 FCPATH/index.php(79): CodeIgniter\CodeIgniter->run()
 8 SYSTEMPATH/Commands/Server/rewrite.php(47): require_once('/opt/lampp/htdocs/ci4app/public/index.php')
CRITICAL - 2024-02-14 02:14:06 --> CodeIgniter\View\Exceptions\ViewException: Invalid file: "pages/home.php"
in SYSTEMPATH/Exceptions/FrameworkException.php on line 39.
 1 SYSTEMPATH/View/View.php(216): CodeIgniter\Exceptions\FrameworkException::forInvalidFile('pages/home.php')
 2 SYSTEMPATH/Common.php(1178): CodeIgniter\View\View->render('pages/home', [], true)
 3 APPPATH/Controllers/Home.php(9): view('pages/home')
 4 SYSTEMPATH/CodeIgniter.php(941): App\Controllers\Home->index()
 5 SYSTEMPATH/CodeIgniter.php(502): CodeIgniter\CodeIgniter->runController(Object(App\Controllers\Home))
 6 SYSTEMPATH/CodeIgniter.php(361): CodeIgniter\CodeIgniter->handleRequest(null, Object(Config\Cache), false)
 7 FCPATH/index.php(79): CodeIgniter\CodeIgniter->run()
 8 SYSTEMPATH/Commands/Server/rewrite.php(47): require_once('/opt/lampp/htdocs/ci4app/public/index.php')
CRITICAL - 2024-02-14 02:14:06 --> CodeIgniter\View\Exceptions\ViewException: Invalid file: "pages/home.php"
in SYSTEMPATH/Exceptions/FrameworkException.php on line 39.
 1 SYSTEMPATH/View/View.php(216): CodeIgniter\Exceptions\FrameworkException::forInvalidFile('pages/home.php')
 2 SYSTEMPATH/Common.php(1178): CodeIgniter\View\View->render('pages/home', [], true)
 3 APPPATH/Controllers/Home.php(9): view('pages/home')
 4 SYSTEMPATH/CodeIgniter.php(941): App\Controllers\Home->index()
 5 SYSTEMPATH/CodeIgniter.php(502): CodeIgniter\CodeIgniter->runController(Object(App\Controllers\Home))
 6 SYSTEMPATH/CodeIgniter.php(361): CodeIgniter\CodeIgniter->handleRequest(null, Object(Config\Cache), false)
 7 FCPATH/index.php(79): CodeIgniter\CodeIgniter->run()
 8 SYSTEMPATH/Commands/Server/rewrite.php(47): require_once('/opt/lampp/htdocs/ci4app/public/index.php')
CRITICAL - 2024-02-14 02:14:06 --> CodeIgniter\View\Exceptions\ViewException: Invalid file: "pages/home.php"
in SYSTEMPATH/Exceptions/FrameworkException.php on line 39.
 1 SYSTEMPATH/View/View.php(216): CodeIgniter\Exceptions\FrameworkException::forInvalidFile('pages/home.php')
 2 SYSTEMPATH/Common.php(1178): CodeIgniter\View\View->render('pages/home', [], true)
 3 APPPATH/Controllers/Home.php(9): view('pages/home')
 4 SYSTEMPATH/CodeIgniter.php(941): App\Controllers\Home->index()
 5 SYSTEMPATH/CodeIgniter.php(502): CodeIgniter\CodeIgniter->runController(Object(App\Controllers\Home))
 6 SYSTEMPATH/CodeIgniter.php(361): CodeIgniter\CodeIgniter->handleRequest(null, Object(Config\Cache), false)
 7 FCPATH/index.php(79): CodeIgniter\CodeIgniter->run()
 8 SYSTEMPATH/Commands/Server/rewrite.php(47): require_once('/opt/lampp/htdocs/ci4app/public/index.php')
CRITICAL - 2024-02-14 02:14:06 --> CodeIgniter\View\Exceptions\ViewException: Invalid file: "pages/home.php"
in SYSTEMPATH/Exceptions/FrameworkException.php on line 39.
 1 SYSTEMPATH/View/View.php(216): CodeIgniter\Exceptions\FrameworkException::forInvalidFile('pages/home.php')
 2 SYSTEMPATH/Common.php(1178): CodeIgniter\View\View->render('pages/home', [], true)
 3 APPPATH/Controllers/Home.php(9): view('pages/home')
 4 SYSTEMPATH/CodeIgniter.php(941): App\Controllers\Home->index()
 5 SYSTEMPATH/CodeIgniter.php(502): CodeIgniter\CodeIgniter->runController(Object(App\Controllers\Home))
 6 SYSTEMPATH/CodeIgniter.php(361): CodeIgniter\CodeIgniter->handleRequest(null, Object(Config\Cache), false)
 7 FCPATH/index.php(79): CodeIgniter\CodeIgniter->run()
 8 SYSTEMPATH/Commands/Server/rewrite.php(47): require_once('/opt/lampp/htdocs/ci4app/public/index.php')
CRITICAL - 2024-02-14 02:14:07 --> CodeIgniter\View\Exceptions\ViewException: Invalid file: "pages/home.php"
in SYSTEMPATH/Exceptions/FrameworkException.php on line 39.
 1 SYSTEMPATH/View/View.php(216): CodeIgniter\Exceptions\FrameworkException::forInvalidFile('pages/home.php')
 2 SYSTEMPATH/Common.php(1178): CodeIgniter\View\View->render('pages/home', [], true)
 3 APPPATH/Controllers/Home.php(9): view('pages/home')
 4 SYSTEMPATH/CodeIgniter.php(941): App\Controllers\Home->index()
 5 SYSTEMPATH/CodeIgniter.php(502): CodeIgniter\CodeIgniter->runController(Object(App\Controllers\Home))
 6 SYSTEMPATH/CodeIgniter.php(361): CodeIgniter\CodeIgniter->handleRequest(null, Object(Config\Cache), false)
 7 FCPATH/index.php(79): CodeIgniter\CodeIgniter->run()
 8 SYSTEMPATH/Commands/Server/rewrite.php(47): require_once('/opt/lampp/htdocs/ci4app/public/index.php')
CRITICAL - 2024-02-14 04:30:37 --> CodeIgniter\View\Exceptions\ViewException: Invalid file: "pages/Contact.php"
in SYSTEMPATH/Exceptions/FrameworkException.php on line 39.
 1 SYSTEMPATH/View/View.php(216): CodeIgniter\Exceptions\FrameworkException::forInvalidFile('pages/Contact.php')
 2 SYSTEMPATH/Common.php(1178): CodeIgniter\View\View->render('pages/Contact', [], true)
 3 APPPATH/Controllers/Pages.php(23): view('pages/Contact')
 4 SYSTEMPATH/CodeIgniter.php(941): App\Controllers\Pages->contact()
 5 SYSTEMPATH/CodeIgniter.php(502): CodeIgniter\CodeIgniter->runController(Object(App\Controllers\Pages))
 6 SYSTEMPATH/CodeIgniter.php(361): CodeIgniter\CodeIgniter->handleRequest(null, Object(Config\Cache), false)
 7 FCPATH/index.php(79): CodeIgniter\CodeIgniter->run()
 8 SYSTEMPATH/Commands/Server/rewrite.php(47): require_once('/opt/lampp/htdocs/ci4app/public/index.php')
CRITICAL - 2024-02-14 09:09:36 --> CodeIgniter\View\Exceptions\ViewException: Invalid file: "pages/Contact.php"
in SYSTEMPATH/Exceptions/FrameworkException.php on line 39.
 1 SYSTEMPATH/View/View.php(216): CodeIgniter\Exceptions\FrameworkException::forInvalidFile('pages/Contact.php')
 2 SYSTEMPATH/Common.php(1178): CodeIgniter\View\View->render('pages/Contact', [], true)
 3 APPPATH/Controllers/Pages.php(18): view('pages/Contact')
 4 SYSTEMPATH/CodeIgniter.php(941): App\Controllers\Pages->contact()
 5 SYSTEMPATH/CodeIgniter.php(502): CodeIgniter\CodeIgniter->runController(Object(App\Controllers\Pages))
 6 SYSTEMPATH/CodeIgniter.php(361): CodeIgniter\CodeIgniter->handleRequest(null, Object(Config\Cache), false)
 7 FCPATH/index.php(79): CodeIgniter\CodeIgniter->run()
 8 SYSTEMPATH/Commands/Server/rewrite.php(47): require_once('/opt/lampp/htdocs/ci4app/public/index.php')
CRITICAL - 2024-02-14 09:14:42 --> ParseError: syntax error, unexpected token "return"
in APPPATH/Controllers/Pages.php on line 14.
 1 SYSTEMPATH/Autoloader/Autoloader.php(288): CodeIgniter\Autoloader\Autoloader->includeFile('/opt/lampp/htdocs/ci4app/app/Controllers/Pages.php')
 2 SYSTEMPATH/Autoloader/Autoloader.php(266): CodeIgniter\Autoloader\Autoloader->loadInNamespace('App\\Controllers\\Pages')
 3 [internal function]: CodeIgniter\Autoloader\Autoloader->loadClass('App\\Controllers\\Pages')
 4 SYSTEMPATH/CodeIgniter.php(899): class_exists('\\App\\Controllers\\Pages', true)
 5 SYSTEMPATH/CodeIgniter.php(489): CodeIgniter\CodeIgniter->startController()
 6 SYSTEMPATH/CodeIgniter.php(361): CodeIgniter\CodeIgniter->handleRequest(null, Object(Config\Cache), false)
 7 FCPATH/index.php(79): CodeIgniter\CodeIgniter->run()
 8 SYSTEMPATH/Commands/Server/rewrite.php(47): require_once('/opt/lampp/htdocs/ci4app/public/index.php')
CRITICAL - 2024-02-14 09:14:43 --> ParseError: syntax error, unexpected token "return"
in APPPATH/Controllers/Pages.php on line 14.
 1 SYSTEMPATH/Autoloader/Autoloader.php(288): CodeIgniter\Autoloader\Autoloader->includeFile('/opt/lampp/htdocs/ci4app/app/Controllers/Pages.php')
 2 SYSTEMPATH/Autoloader/Autoloader.php(266): CodeIgniter\Autoloader\Autoloader->loadInNamespace('App\\Controllers\\Pages')
 3 [internal function]: CodeIgniter\Autoloader\Autoloader->loadClass('App\\Controllers\\Pages')
 4 SYSTEMPATH/CodeIgniter.php(899): class_exists('\\App\\Controllers\\Pages', true)
 5 SYSTEMPATH/CodeIgniter.php(489): CodeIgniter\CodeIgniter->startController()
 6 SYSTEMPATH/CodeIgniter.php(361): CodeIgniter\CodeIgniter->handleRequest(null, Object(Config\Cache), false)
 7 FCPATH/index.php(79): CodeIgniter\CodeIgniter->run()
 8 SYSTEMPATH/Commands/Server/rewrite.php(47): require_once('/opt/lampp/htdocs/ci4app/public/index.php')
CRITICAL - 2024-02-14 09:14:43 --> ParseError: syntax error, unexpected token "return"
in APPPATH/Controllers/Pages.php on line 14.
 1 SYSTEMPATH/Autoloader/Autoloader.php(288): CodeIgniter\Autoloader\Autoloader->includeFile('/opt/lampp/htdocs/ci4app/app/Controllers/Pages.php')
 2 SYSTEMPATH/Autoloader/Autoloader.php(266): CodeIgniter\Autoloader\Autoloader->loadInNamespace('App\\Controllers\\Pages')
 3 [internal function]: CodeIgniter\Autoloader\Autoloader->loadClass('App\\Controllers\\Pages')
 4 SYSTEMPATH/CodeIgniter.php(899): class_exists('\\App\\Controllers\\Pages', true)
 5 SYSTEMPATH/CodeIgniter.php(489): CodeIgniter\CodeIgniter->startController()
 6 SYSTEMPATH/CodeIgniter.php(361): CodeIgniter\CodeIgniter->handleRequest(null, Object(Config\Cache), false)
 7 FCPATH/index.php(79): CodeIgniter\CodeIgniter->run()
 8 SYSTEMPATH/Commands/Server/rewrite.php(47): require_once('/opt/lampp/htdocs/ci4app/public/index.php')
CRITICAL - 2024-02-14 09:14:44 --> ParseError: syntax error, unexpected token "return"
in APPPATH/Controllers/Pages.php on line 14.
 1 SYSTEMPATH/Autoloader/Autoloader.php(288): CodeIgniter\Autoloader\Autoloader->includeFile('/opt/lampp/htdocs/ci4app/app/Controllers/Pages.php')
 2 SYSTEMPATH/Autoloader/Autoloader.php(266): CodeIgniter\Autoloader\Autoloader->loadInNamespace('App\\Controllers\\Pages')
 3 [internal function]: CodeIgniter\Autoloader\Autoloader->loadClass('App\\Controllers\\Pages')
 4 SYSTEMPATH/CodeIgniter.php(899): class_exists('\\App\\Controllers\\Pages', true)
 5 SYSTEMPATH/CodeIgniter.php(489): CodeIgniter\CodeIgniter->startController()
 6 SYSTEMPATH/CodeIgniter.php(361): CodeIgniter\CodeIgniter->handleRequest(null, Object(Config\Cache), false)
 7 FCPATH/index.php(79): CodeIgniter\CodeIgniter->run()
 8 SYSTEMPATH/Commands/Server/rewrite.php(47): require_once('/opt/lampp/htdocs/ci4app/public/index.php')
CRITICAL - 2024-02-14 09:14:44 --> ParseError: syntax error, unexpected token "return"
in APPPATH/Controllers/Pages.php on line 14.
 1 SYSTEMPATH/Autoloader/Autoloader.php(288): CodeIgniter\Autoloader\Autoloader->includeFile('/opt/lampp/htdocs/ci4app/app/Controllers/Pages.php')
 2 SYSTEMPATH/Autoloader/Autoloader.php(266): CodeIgniter\Autoloader\Autoloader->loadInNamespace('App\\Controllers\\Pages')
 3 [internal function]: CodeIgniter\Autoloader\Autoloader->loadClass('App\\Controllers\\Pages')
 4 SYSTEMPATH/CodeIgniter.php(899): class_exists('\\App\\Controllers\\Pages', true)
 5 SYSTEMPATH/CodeIgniter.php(489): CodeIgniter\CodeIgniter->startController()
 6 SYSTEMPATH/CodeIgniter.php(361): CodeIgniter\CodeIgniter->handleRequest(null, Object(Config\Cache), false)
 7 FCPATH/index.php(79): CodeIgniter\CodeIgniter->run()
 8 SYSTEMPATH/Commands/Server/rewrite.php(47): require_once('/opt/lampp/htdocs/ci4app/public/index.php')
CRITICAL - 2024-02-14 09:14:45 --> ParseError: syntax error, unexpected token "return"
in APPPATH/Controllers/Pages.php on line 14.
 1 SYSTEMPATH/Autoloader/Autoloader.php(288): CodeIgniter\Autoloader\Autoloader->includeFile('/opt/lampp/htdocs/ci4app/app/Controllers/Pages.php')
 2 SYSTEMPATH/Autoloader/Autoloader.php(266): CodeIgniter\Autoloader\Autoloader->loadInNamespace('App\\Controllers\\Pages')
 3 [internal function]: CodeIgniter\Autoloader\Autoloader->loadClass('App\\Controllers\\Pages')
 4 SYSTEMPATH/CodeIgniter.php(899): class_exists('\\App\\Controllers\\Pages', true)
 5 SYSTEMPATH/CodeIgniter.php(489): CodeIgniter\CodeIgniter->startController()
 6 SYSTEMPATH/CodeIgniter.php(361): CodeIgniter\CodeIgniter->handleRequest(null, Object(Config\Cache), false)
 7 FCPATH/index.php(79): CodeIgniter\CodeIgniter->run()
 8 SYSTEMPATH/Commands/Server/rewrite.php(47): require_once('/opt/lampp/htdocs/ci4app/public/index.php')
CRITICAL - 2024-02-14 09:14:46 --> ParseError: syntax error, unexpected token "return"
in APPPATH/Controllers/Pages.php on line 14.
 1 SYSTEMPATH/Autoloader/Autoloader.php(288): CodeIgniter\Autoloader\Autoloader->includeFile('/opt/lampp/htdocs/ci4app/app/Controllers/Pages.php')
 2 SYSTEMPATH/Autoloader/Autoloader.php(266): CodeIgniter\Autoloader\Autoloader->loadInNamespace('App\\Controllers\\Pages')
 3 [internal function]: CodeIgniter\Autoloader\Autoloader->loadClass('App\\Controllers\\Pages')
 4 SYSTEMPATH/CodeIgniter.php(899): class_exists('\\App\\Controllers\\Pages', true)
 5 SYSTEMPATH/CodeIgniter.php(489): CodeIgniter\CodeIgniter->startController()
 6 SYSTEMPATH/CodeIgniter.php(361): CodeIgniter\CodeIgniter->handleRequest(null, Object(Config\Cache), false)
 7 FCPATH/index.php(79): CodeIgniter\CodeIgniter->run()
 8 SYSTEMPATH/Commands/Server/rewrite.php(47): require_once('/opt/lampp/htdocs/ci4app/public/index.php')
CRITICAL - 2024-02-14 09:14:46 --> ParseError: syntax error, unexpected token "return"
in APPPATH/Controllers/Pages.php on line 14.
 1 SYSTEMPATH/Autoloader/Autoloader.php(288): CodeIgniter\Autoloader\Autoloader->includeFile('/opt/lampp/htdocs/ci4app/app/Controllers/Pages.php')
 2 SYSTEMPATH/Autoloader/Autoloader.php(266): CodeIgniter\Autoloader\Autoloader->loadInNamespace('App\\Controllers\\Pages')
 3 [internal function]: CodeIgniter\Autoloader\Autoloader->loadClass('App\\Controllers\\Pages')
 4 SYSTEMPATH/CodeIgniter.php(899): class_exists('\\App\\Controllers\\Pages', true)
 5 SYSTEMPATH/CodeIgniter.php(489): CodeIgniter\CodeIgniter->startController()
 6 SYSTEMPATH/CodeIgniter.php(361): CodeIgniter\CodeIgniter->handleRequest(null, Object(Config\Cache), false)
 7 FCPATH/index.php(79): CodeIgniter\CodeIgniter->run()
 8 SYSTEMPATH/Commands/Server/rewrite.php(47): require_once('/opt/lampp/htdocs/ci4app/public/index.php')
CRITICAL - 2024-02-14 09:15:16 --> CodeIgniter\View\Exceptions\ViewException: Invalid file: "pages/Contact.php"
in SYSTEMPATH/Exceptions/FrameworkException.php on line 39.
 1 SYSTEMPATH/View/View.php(216): CodeIgniter\Exceptions\FrameworkException::forInvalidFile('pages/Contact.php')
 2 SYSTEMPATH/Common.php(1178): CodeIgniter\View\View->render('pages/Contact', [], true)
 3 APPPATH/Controllers/Pages.php(26): view('pages/Contact')
 4 SYSTEMPATH/CodeIgniter.php(941): App\Controllers\Pages->contact()
 5 SYSTEMPATH/CodeIgniter.php(502): CodeIgniter\CodeIgniter->runController(Object(App\Controllers\Pages))
 6 SYSTEMPATH/CodeIgniter.php(361): CodeIgniter\CodeIgniter->handleRequest(null, Object(Config\Cache), false)
 7 FCPATH/index.php(79): CodeIgniter\CodeIgniter->run()
 8 SYSTEMPATH/Commands/Server/rewrite.php(47): require_once('/opt/lampp/htdocs/ci4app/public/index.php')
CRITICAL - 2024-02-14 09:16:02 --> CodeIgniter\View\Exceptions\ViewException: Invalid file: "pages/Contact.php"
in SYSTEMPATH/Exceptions/FrameworkException.php on line 39.
 1 SYSTEMPATH/View/View.php(216): CodeIgniter\Exceptions\FrameworkException::forInvalidFile('pages/Contact.php')
 2 SYSTEMPATH/Common.php(1178): CodeIgniter\View\View->render('pages/Contact', [], true)
 3 APPPATH/Controllers/Pages.php(29): view('pages/Contact')
 4 SYSTEMPATH/CodeIgniter.php(941): App\Controllers\Pages->contact()
 5 SYSTEMPATH/CodeIgniter.php(502): CodeIgniter\CodeIgniter->runController(Object(App\Controllers\Pages))
 6 SYSTEMPATH/CodeIgniter.php(361): CodeIgniter\CodeIgniter->handleRequest(null, Object(Config\Cache), false)
 7 FCPATH/index.php(79): CodeIgniter\CodeIgniter->run()
 8 SYSTEMPATH/Commands/Server/rewrite.php(47): require_once('/opt/lampp/htdocs/ci4app/public/index.php')
CRITICAL - 2024-02-14 09:16:05 --> CodeIgniter\View\Exceptions\ViewException: Invalid file: "pages/Contact.php"
in SYSTEMPATH/Exceptions/FrameworkException.php on line 39.
 1 SYSTEMPATH/View/View.php(216): CodeIgniter\Exceptions\FrameworkException::forInvalidFile('pages/Contact.php')
 2 SYSTEMPATH/Common.php(1178): CodeIgniter\View\View->render('pages/Contact', [], true)
 3 APPPATH/Controllers/Pages.php(29): view('pages/Contact')
 4 SYSTEMPATH/CodeIgniter.php(941): App\Controllers\Pages->contact()
 5 SYSTEMPATH/CodeIgniter.php(502): CodeIgniter\CodeIgniter->runController(Object(App\Controllers\Pages))
 6 SYSTEMPATH/CodeIgniter.php(361): CodeIgniter\CodeIgniter->handleRequest(null, Object(Config\Cache), false)
 7 FCPATH/index.php(79): CodeIgniter\CodeIgniter->run()
 8 SYSTEMPATH/Commands/Server/rewrite.php(47): require_once('/opt/lampp/htdocs/ci4app/public/index.php')
CRITICAL - 2024-02-14 09:17:29 --> CodeIgniter\View\Exceptions\ViewException: Invalid file: "pages/Contact.php"
in SYSTEMPATH/Exceptions/FrameworkException.php on line 39.
 1 SYSTEMPATH/View/View.php(216): CodeIgniter\Exceptions\FrameworkException::forInvalidFile('pages/Contact.php')
 2 SYSTEMPATH/Common.php(1178): CodeIgniter\View\View->render('pages/Contact', [], true)
 3 APPPATH/Controllers/Pages.php(29): view('pages/Contact')
 4 SYSTEMPATH/CodeIgniter.php(941): App\Controllers\Pages->contact()
 5 SYSTEMPATH/CodeIgniter.php(502): CodeIgniter\CodeIgniter->runController(Object(App\Controllers\Pages))
 6 SYSTEMPATH/CodeIgniter.php(361): CodeIgniter\CodeIgniter->handleRequest(null, Object(Config\Cache), false)
 7 FCPATH/index.php(79): CodeIgniter\CodeIgniter->run()
 8 SYSTEMPATH/Commands/Server/rewrite.php(47): require_once('/opt/lampp/htdocs/ci4app/public/index.php')
CRITICAL - 2024-02-14 09:24:19 --> CodeIgniter\View\Exceptions\ViewException: Invalid file: "pages/Contact.php"
in SYSTEMPATH/Exceptions/FrameworkException.php on line 39.
 1 SYSTEMPATH/View/View.php(216): CodeIgniter\Exceptions\FrameworkException::forInvalidFile('pages/Contact.php')
 2 SYSTEMPATH/Common.php(1178): CodeIgniter\View\View->render('pages/Contact', [], true)
 3 APPPATH/Controllers/Pages.php(29): view('pages/Contact')
 4 SYSTEMPATH/CodeIgniter.php(941): App\Controllers\Pages->contact()
 5 SYSTEMPATH/CodeIgniter.php(502): CodeIgniter\CodeIgniter->runController(Object(App\Controllers\Pages))
 6 SYSTEMPATH/CodeIgniter.php(361): CodeIgniter\CodeIgniter->handleRequest(null, Object(Config\Cache), false)
 7 FCPATH/index.php(79): CodeIgniter\CodeIgniter->run()
 8 SYSTEMPATH/Commands/Server/rewrite.php(47): require_once('/opt/lampp/htdocs/ci4app/public/index.php')
CRITICAL - 2024-02-14 09:31:43 --> ErrorException: Undefined variable $title
in APPPATH/Views/layout/template.php on line 7.
 1 APPPATH/Views/layout/template.php(7): CodeIgniter\Debug\Exceptions->errorHandler(2, 'Undefined variable $title', '/opt/lampp/htdocs/ci4app/app/Views/layout/template.php', 7)
 2 SYSTEMPATH/View/View.php(228): include('/opt/lampp/htdocs/ci4app/app/Views/layout/template.php')
 3 SYSTEMPATH/View/View.php(231): CodeIgniter\View\View->CodeIgniter\View\{closure}()
 4 SYSTEMPATH/View/View.php(244): CodeIgniter\View\View->render('layout/template', [], true)
 5 SYSTEMPATH/Common.php(1178): CodeIgniter\View\View->render('pages/Contact', [], true)
 6 APPPATH/Controllers/Pages.php(29): view('pages/Contact')
 7 SYSTEMPATH/CodeIgniter.php(941): App\Controllers\Pages->contact()
 8 SYSTEMPATH/CodeIgniter.php(502): CodeIgniter\CodeIgniter->runController(Object(App\Controllers\Pages))
 9 SYSTEMPATH/CodeIgniter.php(361): CodeIgniter\CodeIgniter->handleRequest(null, Object(Config\Cache), false)
10 FCPATH/index.php(79): CodeIgniter\CodeIgniter->run()
11 SYSTEMPATH/Commands/Server/rewrite.php(47): require_once('/opt/lampp/htdocs/ci4app/public/index.php')
CRITICAL - 2024-02-14 09:42:35 --> ErrorException: Undefined variable $alamat
in APPPATH/Views/pages/Contact.php on line 7.
 1 APPPATH/Views/pages/Contact.php(7): CodeIgniter\Debug\Exceptions->errorHandler(2, 'Undefined variable $alamat', '/opt/lampp/htdocs/ci4app/app/Views/pages/Contact.php', 7)
 2 SYSTEMPATH/View/View.php(228): include('/opt/lampp/htdocs/ci4app/app/Views/pages/Contact.php')
 3 SYSTEMPATH/View/View.php(231): CodeIgniter\View\View->CodeIgniter\View\{closure}()
 4 SYSTEMPATH/Common.php(1178): CodeIgniter\View\View->render('pages/Contact', [], true)
 5 APPPATH/Controllers/Pages.php(41): view('pages/Contact', [...])
 6 SYSTEMPATH/CodeIgniter.php(941): App\Controllers\Pages->contact()
 7 SYSTEMPATH/CodeIgniter.php(502): CodeIgniter\CodeIgniter->runController(Object(App\Controllers\Pages))
 8 SYSTEMPATH/CodeIgniter.php(361): CodeIgniter\CodeIgniter->handleRequest(null, Object(Config\Cache), false)
 9 FCPATH/index.php(79): CodeIgniter\CodeIgniter->run()
10 SYSTEMPATH/Commands/Server/rewrite.php(47): require_once('/opt/lampp/htdocs/ci4app/public/index.php')
CRITICAL - 2024-02-14 09:42:40 --> ErrorException: Undefined variable $alamat
in APPPATH/Views/pages/Contact.php on line 7.
 1 APPPATH/Views/pages/Contact.php(7): CodeIgniter\Debug\Exceptions->errorHandler(2, 'Undefined variable $alamat', '/opt/lampp/htdocs/ci4app/app/Views/pages/Contact.php', 7)
 2 SYSTEMPATH/View/View.php(228): include('/opt/lampp/htdocs/ci4app/app/Views/pages/Contact.php')
 3 SYSTEMPATH/View/View.php(231): CodeIgniter\View\View->CodeIgniter\View\{closure}()
 4 SYSTEMPATH/Common.php(1178): CodeIgniter\View\View->render('pages/Contact', [], true)
 5 APPPATH/Controllers/Pages.php(41): view('pages/Contact', [...])
 6 SYSTEMPATH/CodeIgniter.php(941): App\Controllers\Pages->contact()
 7 SYSTEMPATH/CodeIgniter.php(502): CodeIgniter\CodeIgniter->runController(Object(App\Controllers\Pages))
 8 SYSTEMPATH/CodeIgniter.php(361): CodeIgniter\CodeIgniter->handleRequest(null, Object(Config\Cache), false)
 9 FCPATH/index.php(79): CodeIgniter\CodeIgniter->run()
10 SYSTEMPATH/Commands/Server/rewrite.php(47): require_once('/opt/lampp/htdocs/ci4app/public/index.php')
CRITICAL - 2024-02-14 09:45:04 --> ErrorException: Undefined variable $alamat
in APPPATH/Views/pages/Contact.php on line 7.
 1 APPPATH/Views/pages/Contact.php(7): CodeIgniter\Debug\Exceptions->errorHandler(2, 'Undefined variable $alamat', '/opt/lampp/htdocs/ci4app/app/Views/pages/Contact.php', 7)
 2 SYSTEMPATH/View/View.php(228): include('/opt/lampp/htdocs/ci4app/app/Views/pages/Contact.php')
 3 SYSTEMPATH/View/View.php(231): CodeIgniter\View\View->CodeIgniter\View\{closure}()
 4 SYSTEMPATH/Common.php(1178): CodeIgniter\View\View->render('pages/Contact', [], true)
 5 APPPATH/Controllers/Pages.php(41): view('pages/Contact', [...])
 6 SYSTEMPATH/CodeIgniter.php(941): App\Controllers\Pages->contact()
 7 SYSTEMPATH/CodeIgniter.php(502): CodeIgniter\CodeIgniter->runController(Object(App\Controllers\Pages))
 8 SYSTEMPATH/CodeIgniter.php(361): CodeIgniter\CodeIgniter->handleRequest(null, Object(Config\Cache), false)
 9 FCPATH/index.php(79): CodeIgniter\CodeIgniter->run()
10 SYSTEMPATH/Commands/Server/rewrite.php(47): require_once('/opt/lampp/htdocs/ci4app/public/index.php')
CRITICAL - 2024-02-14 09:45:05 --> ErrorException: Undefined variable $alamat
in APPPATH/Views/pages/Contact.php on line 7.
 1 APPPATH/Views/pages/Contact.php(7): CodeIgniter\Debug\Exceptions->errorHandler(2, 'Undefined variable $alamat', '/opt/lampp/htdocs/ci4app/app/Views/pages/Contact.php', 7)
 2 SYSTEMPATH/View/View.php(228): include('/opt/lampp/htdocs/ci4app/app/Views/pages/Contact.php')
 3 SYSTEMPATH/View/View.php(231): CodeIgniter\View\View->CodeIgniter\View\{closure}()
 4 SYSTEMPATH/Common.php(1178): CodeIgniter\View\View->render('pages/Contact', [], true)
 5 APPPATH/Controllers/Pages.php(41): view('pages/Contact', [...])
 6 SYSTEMPATH/CodeIgniter.php(941): App\Controllers\Pages->contact()
 7 SYSTEMPATH/CodeIgniter.php(502): CodeIgniter\CodeIgniter->runController(Object(App\Controllers\Pages))
 8 SYSTEMPATH/CodeIgniter.php(361): CodeIgniter\CodeIgniter->handleRequest(null, Object(Config\Cache), false)
 9 FCPATH/index.php(79): CodeIgniter\CodeIgniter->run()
10 SYSTEMPATH/Commands/Server/rewrite.php(47): require_once('/opt/lampp/htdocs/ci4app/public/index.php')
CRITICAL - 2024-02-14 09:45:05 --> ErrorException: Undefined variable $alamat
in APPPATH/Views/pages/Contact.php on line 7.
 1 APPPATH/Views/pages/Contact.php(7): CodeIgniter\Debug\Exceptions->errorHandler(2, 'Undefined variable $alamat', '/opt/lampp/htdocs/ci4app/app/Views/pages/Contact.php', 7)
 2 SYSTEMPATH/View/View.php(228): include('/opt/lampp/htdocs/ci4app/app/Views/pages/Contact.php')
 3 SYSTEMPATH/View/View.php(231): CodeIgniter\View\View->CodeIgniter\View\{closure}()
 4 SYSTEMPATH/Common.php(1178): CodeIgniter\View\View->render('pages/Contact', [], true)
 5 APPPATH/Controllers/Pages.php(41): view('pages/Contact', [...])
 6 SYSTEMPATH/CodeIgniter.php(941): App\Controllers\Pages->contact()
 7 SYSTEMPATH/CodeIgniter.php(502): CodeIgniter\CodeIgniter->runController(Object(App\Controllers\Pages))
 8 SYSTEMPATH/CodeIgniter.php(361): CodeIgniter\CodeIgniter->handleRequest(null, Object(Config\Cache), false)
 9 FCPATH/index.php(79): CodeIgniter\CodeIgniter->run()
10 SYSTEMPATH/Commands/Server/rewrite.php(47): require_once('/opt/lampp/htdocs/ci4app/public/index.php')
CRITICAL - 2024-02-14 09:45:05 --> ErrorException: Undefined variable $alamat
in APPPATH/Views/pages/Contact.php on line 7.
 1 APPPATH/Views/pages/Contact.php(7): CodeIgniter\Debug\Exceptions->errorHandler(2, 'Undefined variable $alamat', '/opt/lampp/htdocs/ci4app/app/Views/pages/Contact.php', 7)
 2 SYSTEMPATH/View/View.php(228): include('/opt/lampp/htdocs/ci4app/app/Views/pages/Contact.php')
 3 SYSTEMPATH/View/View.php(231): CodeIgniter\View\View->CodeIgniter\View\{closure}()
 4 SYSTEMPATH/Common.php(1178): CodeIgniter\View\View->render('pages/Contact', [], true)
 5 APPPATH/Controllers/Pages.php(41): view('pages/Contact', [...])
 6 SYSTEMPATH/CodeIgniter.php(941): App\Controllers\Pages->contact()
 7 SYSTEMPATH/CodeIgniter.php(502): CodeIgniter\CodeIgniter->runController(Object(App\Controllers\Pages))
 8 SYSTEMPATH/CodeIgniter.php(361): CodeIgniter\CodeIgniter->handleRequest(null, Object(Config\Cache), false)
 9 FCPATH/index.php(79): CodeIgniter\CodeIgniter->run()
10 SYSTEMPATH/Commands/Server/rewrite.php(47): require_once('/opt/lampp/htdocs/ci4app/public/index.php')
CRITICAL - 2024-02-14 09:46:02 --> ErrorException: Undefined variable $alamat
in APPPATH/Views/pages/Contact.php on line 7.
 1 APPPATH/Views/pages/Contact.php(7): CodeIgniter\Debug\Exceptions->errorHandler(2, 'Undefined variable $alamat', '/opt/lampp/htdocs/ci4app/app/Views/pages/Contact.php', 7)
 2 SYSTEMPATH/View/View.php(228): include('/opt/lampp/htdocs/ci4app/app/Views/pages/Contact.php')
 3 SYSTEMPATH/View/View.php(231): CodeIgniter\View\View->CodeIgniter\View\{closure}()
 4 SYSTEMPATH/Common.php(1178): CodeIgniter\View\View->render('pages/Contact', [], true)
 5 APPPATH/Controllers/Pages.php(41): view('pages/Contact', [...])
 6 SYSTEMPATH/CodeIgniter.php(941): App\Controllers\Pages->contact()
 7 SYSTEMPATH/CodeIgniter.php(502): CodeIgniter\CodeIgniter->runController(Object(App\Controllers\Pages))
 8 SYSTEMPATH/CodeIgniter.php(361): CodeIgniter\CodeIgniter->handleRequest(null, Object(Config\Cache), false)
 9 FCPATH/index.php(79): CodeIgniter\CodeIgniter->run()
10 SYSTEMPATH/Commands/Server/rewrite.php(47): require_once('/opt/lampp/htdocs/ci4app/public/index.php')
CRITICAL - 2024-02-14 09:46:04 --> ErrorException: Undefined variable $alamat
in APPPATH/Views/pages/Contact.php on line 7.
 1 APPPATH/Views/pages/Contact.php(7): CodeIgniter\Debug\Exceptions->errorHandler(2, 'Undefined variable $alamat', '/opt/lampp/htdocs/ci4app/app/Views/pages/Contact.php', 7)
 2 SYSTEMPATH/View/View.php(228): include('/opt/lampp/htdocs/ci4app/app/Views/pages/Contact.php')
 3 SYSTEMPATH/View/View.php(231): CodeIgniter\View\View->CodeIgniter\View\{closure}()
 4 SYSTEMPATH/Common.php(1178): CodeIgniter\View\View->render('pages/Contact', [], true)
 5 APPPATH/Controllers/Pages.php(41): view('pages/Contact', [...])
 6 SYSTEMPATH/CodeIgniter.php(941): App\Controllers\Pages->contact()
 7 SYSTEMPATH/CodeIgniter.php(502): CodeIgniter\CodeIgniter->runController(Object(App\Controllers\Pages))
 8 SYSTEMPATH/CodeIgniter.php(361): CodeIgniter\CodeIgniter->handleRequest(null, Object(Config\Cache), false)
 9 FCPATH/index.php(79): CodeIgniter\CodeIgniter->run()
10 SYSTEMPATH/Commands/Server/rewrite.php(47): require_once('/opt/lampp/htdocs/ci4app/public/index.php')
CRITICAL - 2024-02-14 09:46:07 --> ErrorException: Undefined variable $alamat
in APPPATH/Views/pages/Contact.php on line 7.
 1 APPPATH/Views/pages/Contact.php(7): CodeIgniter\Debug\Exceptions->errorHandler(2, 'Undefined variable $alamat', '/opt/lampp/htdocs/ci4app/app/Views/pages/Contact.php', 7)
 2 SYSTEMPATH/View/View.php(228): include('/opt/lampp/htdocs/ci4app/app/Views/pages/Contact.php')
 3 SYSTEMPATH/View/View.php(231): CodeIgniter\View\View->CodeIgniter\View\{closure}()
 4 SYSTEMPATH/Common.php(1178): CodeIgniter\View\View->render('pages/Contact', [], true)
 5 APPPATH/Controllers/Pages.php(41): view('pages/Contact', [...])
 6 SYSTEMPATH/CodeIgniter.php(941): App\Controllers\Pages->contact()
 7 SYSTEMPATH/CodeIgniter.php(502): CodeIgniter\CodeIgniter->runController(Object(App\Controllers\Pages))
 8 SYSTEMPATH/CodeIgniter.php(361): CodeIgniter\CodeIgniter->handleRequest(null, Object(Config\Cache), false)
 9 FCPATH/index.php(79): CodeIgniter\CodeIgniter->run()
10 SYSTEMPATH/Commands/Server/rewrite.php(47): require_once('/opt/lampp/htdocs/ci4app/public/index.php')
CRITICAL - 2024-02-14 09:49:27 --> ErrorException: Undefined variable $alamat
in APPPATH/Views/pages/Contact.php on line 7.
 1 APPPATH/Views/pages/Contact.php(7): CodeIgniter\Debug\Exceptions->errorHandler(2, 'Undefined variable $alamat', '/opt/lampp/htdocs/ci4app/app/Views/pages/Contact.php', 7)
 2 SYSTEMPATH/View/View.php(228): include('/opt/lampp/htdocs/ci4app/app/Views/pages/Contact.php')
 3 SYSTEMPATH/View/View.php(231): CodeIgniter\View\View->CodeIgniter\View\{closure}()
 4 SYSTEMPATH/Common.php(1178): CodeIgniter\View\View->render('pages/Contact', [], true)
 5 APPPATH/Controllers/Pages.php(41): view('pages/Contact', [...])
 6 SYSTEMPATH/CodeIgniter.php(941): App\Controllers\Pages->contact()
 7 SYSTEMPATH/CodeIgniter.php(502): CodeIgniter\CodeIgniter->runController(Object(App\Controllers\Pages))
 8 SYSTEMPATH/CodeIgniter.php(361): CodeIgniter\CodeIgniter->handleRequest(null, Object(Config\Cache), false)
 9 FCPATH/index.php(79): CodeIgniter\CodeIgniter->run()
10 SYSTEMPATH/Commands/Server/rewrite.php(47): require_once('/opt/lampp/htdocs/ci4app/public/index.php')
CRITICAL - 2024-02-14 09:49:27 --> ErrorException: Undefined variable $alamat
in APPPATH/Views/pages/Contact.php on line 7.
 1 APPPATH/Views/pages/Contact.php(7): CodeIgniter\Debug\Exceptions->errorHandler(2, 'Undefined variable $alamat', '/opt/lampp/htdocs/ci4app/app/Views/pages/Contact.php', 7)
 2 SYSTEMPATH/View/View.php(228): include('/opt/lampp/htdocs/ci4app/app/Views/pages/Contact.php')
 3 SYSTEMPATH/View/View.php(231): CodeIgniter\View\View->CodeIgniter\View\{closure}()
 4 SYSTEMPATH/Common.php(1178): CodeIgniter\View\View->render('pages/Contact', [], true)
 5 APPPATH/Controllers/Pages.php(41): view('pages/Contact', [...])
 6 SYSTEMPATH/CodeIgniter.php(941): App\Controllers\Pages->contact()
 7 SYSTEMPATH/CodeIgniter.php(502): CodeIgniter\CodeIgniter->runController(Object(App\Controllers\Pages))
 8 SYSTEMPATH/CodeIgniter.php(361): CodeIgniter\CodeIgniter->handleRequest(null, Object(Config\Cache), false)
 9 FCPATH/index.php(79): CodeIgniter\CodeIgniter->run()
10 SYSTEMPATH/Commands/Server/rewrite.php(47): require_once('/opt/lampp/htdocs/ci4app/public/index.php')
CRITICAL - 2024-02-14 09:49:27 --> ErrorException: Undefined variable $alamat
in APPPATH/Views/pages/Contact.php on line 7.
 1 APPPATH/Views/pages/Contact.php(7): CodeIgniter\Debug\Exceptions->errorHandler(2, 'Undefined variable $alamat', '/opt/lampp/htdocs/ci4app/app/Views/pages/Contact.php', 7)
 2 SYSTEMPATH/View/View.php(228): include('/opt/lampp/htdocs/ci4app/app/Views/pages/Contact.php')
 3 SYSTEMPATH/View/View.php(231): CodeIgniter\View\View->CodeIgniter\View\{closure}()
 4 SYSTEMPATH/Common.php(1178): CodeIgniter\View\View->render('pages/Contact', [], true)
 5 APPPATH/Controllers/Pages.php(41): view('pages/Contact', [...])
 6 SYSTEMPATH/CodeIgniter.php(941): App\Controllers\Pages->contact()
 7 SYSTEMPATH/CodeIgniter.php(502): CodeIgniter\CodeIgniter->runController(Object(App\Controllers\Pages))
 8 SYSTEMPATH/CodeIgniter.php(361): CodeIgniter\CodeIgniter->handleRequest(null, Object(Config\Cache), false)
 9 FCPATH/index.php(79): CodeIgniter\CodeIgniter->run()
10 SYSTEMPATH/Commands/Server/rewrite.php(47): require_once('/opt/lampp/htdocs/ci4app/public/index.php')
CRITICAL - 2024-02-14 09:49:27 --> ErrorException: Undefined variable $alamat
in APPPATH/Views/pages/Contact.php on line 7.
 1 APPPATH/Views/pages/Contact.php(7): CodeIgniter\Debug\Exceptions->errorHandler(2, 'Undefined variable $alamat', '/opt/lampp/htdocs/ci4app/app/Views/pages/Contact.php', 7)
 2 SYSTEMPATH/View/View.php(228): include('/opt/lampp/htdocs/ci4app/app/Views/pages/Contact.php')
 3 SYSTEMPATH/View/View.php(231): CodeIgniter\View\View->CodeIgniter\View\{closure}()
 4 SYSTEMPATH/Common.php(1178): CodeIgniter\View\View->render('pages/Contact', [], true)
 5 APPPATH/Controllers/Pages.php(41): view('pages/Contact', [...])
 6 SYSTEMPATH/CodeIgniter.php(941): App\Controllers\Pages->contact()
 7 SYSTEMPATH/CodeIgniter.php(502): CodeIgniter\CodeIgniter->runController(Object(App\Controllers\Pages))
 8 SYSTEMPATH/CodeIgniter.php(361): CodeIgniter\CodeIgniter->handleRequest(null, Object(Config\Cache), false)
 9 FCPATH/index.php(79): CodeIgniter\CodeIgniter->run()
10 SYSTEMPATH/Commands/Server/rewrite.php(47): require_once('/opt/lampp/htdocs/ci4app/public/index.php')
CRITICAL - 2024-02-14 09:49:28 --> ErrorException: Undefined variable $alamat
in APPPATH/Views/pages/Contact.php on line 7.
 1 APPPATH/Views/pages/Contact.php(7): CodeIgniter\Debug\Exceptions->errorHandler(2, 'Undefined variable $alamat', '/opt/lampp/htdocs/ci4app/app/Views/pages/Contact.php', 7)
 2 SYSTEMPATH/View/View.php(228): include('/opt/lampp/htdocs/ci4app/app/Views/pages/Contact.php')
 3 SYSTEMPATH/View/View.php(231): CodeIgniter\View\View->CodeIgniter\View\{closure}()
 4 SYSTEMPATH/Common.php(1178): CodeIgniter\View\View->render('pages/Contact', [], true)
 5 APPPATH/Controllers/Pages.php(41): view('pages/Contact', [...])
 6 SYSTEMPATH/CodeIgniter.php(941): App\Controllers\Pages->contact()
 7 SYSTEMPATH/CodeIgniter.php(502): CodeIgniter\CodeIgniter->runController(Object(App\Controllers\Pages))
 8 SYSTEMPATH/CodeIgniter.php(361): CodeIgniter\CodeIgniter->handleRequest(null, Object(Config\Cache), false)
 9 FCPATH/index.php(79): CodeIgniter\CodeIgniter->run()
10 SYSTEMPATH/Commands/Server/rewrite.php(47): require_once('/opt/lampp/htdocs/ci4app/public/index.php')
CRITICAL - 2024-02-14 09:49:30 --> ErrorException: Undefined variable $alamat
in APPPATH/Views/pages/Contact.php on line 7.
 1 APPPATH/Views/pages/Contact.php(7): CodeIgniter\Debug\Exceptions->errorHandler(2, 'Undefined variable $alamat', '/opt/lampp/htdocs/ci4app/app/Views/pages/Contact.php', 7)
 2 SYSTEMPATH/View/View.php(228): include('/opt/lampp/htdocs/ci4app/app/Views/pages/Contact.php')
 3 SYSTEMPATH/View/View.php(231): CodeIgniter\View\View->CodeIgniter\View\{closure}()
 4 SYSTEMPATH/Common.php(1178): CodeIgniter\View\View->render('pages/Contact', [], true)
 5 APPPATH/Controllers/Pages.php(41): view('pages/Contact', [...])
 6 SYSTEMPATH/CodeIgniter.php(941): App\Controllers\Pages->contact()
 7 SYSTEMPATH/CodeIgniter.php(502): CodeIgniter\CodeIgniter->runController(Object(App\Controllers\Pages))
 8 SYSTEMPATH/CodeIgniter.php(361): CodeIgniter\CodeIgniter->handleRequest(null, Object(Config\Cache), false)
 9 FCPATH/index.php(79): CodeIgniter\CodeIgniter->run()
10 SYSTEMPATH/Commands/Server/rewrite.php(47): require_once('/opt/lampp/htdocs/ci4app/public/index.php')
CRITICAL - 2024-02-14 09:49:31 --> ErrorException: Undefined variable $alamat
in APPPATH/Views/pages/Contact.php on line 7.
 1 APPPATH/Views/pages/Contact.php(7): CodeIgniter\Debug\Exceptions->errorHandler(2, 'Undefined variable $alamat', '/opt/lampp/htdocs/ci4app/app/Views/pages/Contact.php', 7)
 2 SYSTEMPATH/View/View.php(228): include('/opt/lampp/htdocs/ci4app/app/Views/pages/Contact.php')
 3 SYSTEMPATH/View/View.php(231): CodeIgniter\View\View->CodeIgniter\View\{closure}()
 4 SYSTEMPATH/Common.php(1178): CodeIgniter\View\View->render('pages/Contact', [], true)
 5 APPPATH/Controllers/Pages.php(41): view('pages/Contact', [...])
 6 SYSTEMPATH/CodeIgniter.php(941): App\Controllers\Pages->contact()
 7 SYSTEMPATH/CodeIgniter.php(502): CodeIgniter\CodeIgniter->runController(Object(App\Controllers\Pages))
 8 SYSTEMPATH/CodeIgniter.php(361): CodeIgniter\CodeIgniter->handleRequest(null, Object(Config\Cache), false)
 9 FCPATH/index.php(79): CodeIgniter\CodeIgniter->run()
10 SYSTEMPATH/Commands/Server/rewrite.php(47): require_once('/opt/lampp/htdocs/ci4app/public/index.php')
CRITICAL - 2024-02-14 09:50:03 --> ErrorException: Undefined variable $alamat
in APPPATH/Views/pages/Contact.php on line 7.
 1 APPPATH/Views/pages/Contact.php(7): CodeIgniter\Debug\Exceptions->errorHandler(2, 'Undefined variable $alamat', '/opt/lampp/htdocs/ci4app/app/Views/pages/Contact.php', 7)
 2 SYSTEMPATH/View/View.php(228): include('/opt/lampp/htdocs/ci4app/app/Views/pages/Contact.php')
 3 SYSTEMPATH/View/View.php(231): CodeIgniter\View\View->CodeIgniter\View\{closure}()
 4 SYSTEMPATH/Common.php(1178): CodeIgniter\View\View->render('pages/Contact', [], true)
 5 APPPATH/Controllers/Pages.php(41): view('pages/Contact', [...])
 6 SYSTEMPATH/CodeIgniter.php(941): App\Controllers\Pages->contact()
 7 SYSTEMPATH/CodeIgniter.php(502): CodeIgniter\CodeIgniter->runController(Object(App\Controllers\Pages))
 8 SYSTEMPATH/CodeIgniter.php(361): CodeIgniter\CodeIgniter->handleRequest(null, Object(Config\Cache), false)
 9 FCPATH/index.php(79): CodeIgniter\CodeIgniter->run()
10 SYSTEMPATH/Commands/Server/rewrite.php(47): require_once('/opt/lampp/htdocs/ci4app/public/index.php')
CRITICAL - 2024-02-14 09:50:04 --> ErrorException: Undefined variable $alamat
in APPPATH/Views/pages/Contact.php on line 7.
 1 APPPATH/Views/pages/Contact.php(7): CodeIgniter\Debug\Exceptions->errorHandler(2, 'Undefined variable $alamat', '/opt/lampp/htdocs/ci4app/app/Views/pages/Contact.php', 7)
 2 SYSTEMPATH/View/View.php(228): include('/opt/lampp/htdocs/ci4app/app/Views/pages/Contact.php')
 3 SYSTEMPATH/View/View.php(231): CodeIgniter\View\View->CodeIgniter\View\{closure}()
 4 SYSTEMPATH/Common.php(1178): CodeIgniter\View\View->render('pages/Contact', [], true)
 5 APPPATH/Controllers/Pages.php(41): view('pages/Contact', [...])
 6 SYSTEMPATH/CodeIgniter.php(941): App\Controllers\Pages->contact()
 7 SYSTEMPATH/CodeIgniter.php(502): CodeIgniter\CodeIgniter->runController(Object(App\Controllers\Pages))
 8 SYSTEMPATH/CodeIgniter.php(361): CodeIgniter\CodeIgniter->handleRequest(null, Object(Config\Cache), false)
 9 FCPATH/index.php(79): CodeIgniter\CodeIgniter->run()
10 SYSTEMPATH/Commands/Server/rewrite.php(47): require_once('/opt/lampp/htdocs/ci4app/public/index.php')
CRITICAL - 2024-02-14 09:55:58 --> ErrorException: Undefined variable $alamat
in APPPATH/Views/pages/Contact.php on line 7.
 1 APPPATH/Views/pages/Contact.php(7): CodeIgniter\Debug\Exceptions->errorHandler(2, 'Undefined variable $alamat', '/opt/lampp/htdocs/ci4app/app/Views/pages/Contact.php', 7)
 2 SYSTEMPATH/View/View.php(228): include('/opt/lampp/htdocs/ci4app/app/Views/pages/Contact.php')
 3 SYSTEMPATH/View/View.php(231): CodeIgniter\View\View->CodeIgniter\View\{closure}()
 4 SYSTEMPATH/Common.php(1178): CodeIgniter\View\View->render('pages/Contact', [], true)
 5 APPPATH/Controllers/Pages.php(41): view('pages/Contact', [...])
 6 SYSTEMPATH/CodeIgniter.php(941): App\Controllers\Pages->contact()
 7 SYSTEMPATH/CodeIgniter.php(502): CodeIgniter\CodeIgniter->runController(Object(App\Controllers\Pages))
 8 SYSTEMPATH/CodeIgniter.php(361): CodeIgniter\CodeIgniter->handleRequest(null, Object(Config\Cache), false)
 9 FCPATH/index.php(79): CodeIgniter\CodeIgniter->run()
10 SYSTEMPATH/Commands/Server/rewrite.php(47): require_once('/opt/lampp/htdocs/ci4app/public/index.php')
CRITICAL - 2024-02-14 09:55:58 --> ErrorException: Undefined variable $alamat
in APPPATH/Views/pages/Contact.php on line 7.
 1 APPPATH/Views/pages/Contact.php(7): CodeIgniter\Debug\Exceptions->errorHandler(2, 'Undefined variable $alamat', '/opt/lampp/htdocs/ci4app/app/Views/pages/Contact.php', 7)
 2 SYSTEMPATH/View/View.php(228): include('/opt/lampp/htdocs/ci4app/app/Views/pages/Contact.php')
 3 SYSTEMPATH/View/View.php(231): CodeIgniter\View\View->CodeIgniter\View\{closure}()
 4 SYSTEMPATH/Common.php(1178): CodeIgniter\View\View->render('pages/Contact', [], true)
 5 APPPATH/Controllers/Pages.php(41): view('pages/Contact', [...])
 6 SYSTEMPATH/CodeIgniter.php(941): App\Controllers\Pages->contact()
 7 SYSTEMPATH/CodeIgniter.php(502): CodeIgniter\CodeIgniter->runController(Object(App\Controllers\Pages))
 8 SYSTEMPATH/CodeIgniter.php(361): CodeIgniter\CodeIgniter->handleRequest(null, Object(Config\Cache), false)
 9 FCPATH/index.php(79): CodeIgniter\CodeIgniter->run()
10 SYSTEMPATH/Commands/Server/rewrite.php(47): require_once('/opt/lampp/htdocs/ci4app/public/index.php')
CRITICAL - 2024-02-14 09:55:58 --> ErrorException: Undefined variable $alamat
in APPPATH/Views/pages/Contact.php on line 7.
 1 APPPATH/Views/pages/Contact.php(7): CodeIgniter\Debug\Exceptions->errorHandler(2, 'Undefined variable $alamat', '/opt/lampp/htdocs/ci4app/app/Views/pages/Contact.php', 7)
 2 SYSTEMPATH/View/View.php(228): include('/opt/lampp/htdocs/ci4app/app/Views/pages/Contact.php')
 3 SYSTEMPATH/View/View.php(231): CodeIgniter\View\View->CodeIgniter\View\{closure}()
 4 SYSTEMPATH/Common.php(1178): CodeIgniter\View\View->render('pages/Contact', [], true)
 5 APPPATH/Controllers/Pages.php(41): view('pages/Contact', [...])
 6 SYSTEMPATH/CodeIgniter.php(941): App\Controllers\Pages->contact()
 7 SYSTEMPATH/CodeIgniter.php(502): CodeIgniter\CodeIgniter->runController(Object(App\Controllers\Pages))
 8 SYSTEMPATH/CodeIgniter.php(361): CodeIgniter\CodeIgniter->handleRequest(null, Object(Config\Cache), false)
 9 FCPATH/index.php(79): CodeIgniter\CodeIgniter->run()
10 SYSTEMPATH/Commands/Server/rewrite.php(47): require_once('/opt/lampp/htdocs/ci4app/public/index.php')
